# JRE version: OpenJDK Runtime Environment (8.0_152-b01) (build 1.8.0_152-release-915-b01)
# Java VM: OpenJDK 64-Bit Server VM (25.152-b01 mixed mode bsd-amd64 compressed oops)
Heap:
 PSYoungGen      total 337920K, used 113366K [0x00000007a0000000, 0x00000007bf080000, 0x00000007c0000000)
  eden space 305152K, 31% used [0x00000007a0000000,0x00000007a5eeb370,0x00000007b2a00000)
  from space 32768K, 49% used [0x00000007b2a00000,0x00000007b39ca650,0x00000007b4a00000)
  to   space 31232K, 0% used [0x00000007bd200000,0x00000007bd200000,0x00000007bf080000)
 ParOldGen       total 142848K, used 101981K [0x0000000760000000, 0x0000000768b80000, 0x00000007a0000000)
  object space 142848K, 71% used [0x0000000760000000,0x0000000766397790,0x0000000768b80000)
 Metaspace       used 69541K, capacity 72446K, committed 72704K, reserved 1112064K
  class space    used 9015K, capacity 9683K, committed 9728K, reserved 1048576K
GC Heap History (10 events):
Event: 17.910 GC heap before
{Heap before GC invocations=14 (full 3):
 PSYoungGen      total 220160K, used 8475K [0x00000007a0000000, 0x00000007b1800000, 0x00000007c0000000)
  eden space 202240K, 0% used [0x00000007a0000000,0x00000007a0000000,0x00000007ac580000)
  from space 17920K, 47% used [0x00000007ac580000,0x00000007acdc6eb8,0x00000007ad700000)
  to   space 17408K, 0% used [0x00000007b0700000,0x00000007b0700000,0x00000007b1800000)
 ParOldGen       total 90624K, used 41918K [0x0000000760000000, 0x0000000765880000, 0x00000007a0000000)
  object space 90624K, 46% used [0x0000000760000000,0x00000007628efaf0,0x0000000765880000)
 Metaspace       used 56995K, capacity 58984K, committed 59028K, reserved 1099776K
  class space    used 7679K, capacity 8160K, committed 8192K, reserved 1048576K
Event: 18.100 GC heap after
Heap after GC invocations=14 (full 3):
 PSYoungGen      total 220160K, used 0K [0x00000007a0000000, 0x00000007b1800000, 0x00000007c0000000)
  eden space 202240K, 0% used [0x00000007a0000000,0x00000007a0000000,0x00000007ac580000)
  from space 17920K, 0% used [0x00000007ac580000,0x00000007ac580000,0x00000007ad700000)
  to   space 17408K, 0% used [0x00000007b0700000,0x00000007b0700000,0x00000007b1800000)
 ParOldGen       total 142848K, used 36145K [0x0000000760000000, 0x0000000768b80000, 0x00000007a0000000)
  object space 142848K, 25% used [0x0000000760000000,0x000000076234c680,0x0000000768b80000)
 Metaspace       used 56995K, capacity 58984K, committed 59028K, reserved 1099776K
  class space    used 7679K, capacity 8160K, committed 8192K, reserved 1048576K
}
Event: 19.188 GC heap before
{Heap before GC invocations=15 (full 3):
 PSYoungGen      total 220160K, used 202240K [0x00000007a0000000, 0x00000007b1800000, 0x00000007c0000000)
  eden space 202240K, 100% used [0x00000007a0000000,0x00000007ac580000,0x00000007ac580000)
  from space 17920K, 0% used [0x00000007ac580000,0x00000007ac580000,0x00000007ad700000)
  to   space 17408K, 0% used [0x00000007b0700000,0x00000007b0700000,0x00000007b1800000)
 ParOldGen       total 142848K, used 36145K [0x0000000760000000, 0x0000000768b80000, 0x00000007a0000000)
  object space 142848K, 25% used [0x0000000760000000,0x000000076234c680,0x0000000768b80000)
 Metaspace       used 60589K, capacity 62704K, committed 62848K, reserved 1103872K
  class space    used 8078K, capacity 8568K, committed 8576K, reserved 1048576K
Event: 19.210 GC heap after
Heap after GC invocations=15 (full 3):
 PSYoungGen      total 253440K, used 17376K [0x00000007a0000000, 0x00000007b3b80000, 0x00000007c0000000)
  eden space 236032K, 0% used [0x00000007a0000000,0x00000007a0000000,0x00000007ae680000)
  from space 17408K, 99% used [0x00000007b0700000,0x00000007b17f8280,0x00000007b1800000)
  to   space 33280K, 0% used [0x00000007ae680000,0x00000007ae680000,0x00000007b0700000)
 ParOldGen       total 142848K, used 73159K [0x0000000760000000, 0x0000000768b80000, 0x00000007a0000000)
  object space 142848K, 51% used [0x0000000760000000,0x0000000764771e78,0x0000000768b80000)
 Metaspace       used 60589K, capacity 62704K, committed 62848K, reserved 1103872K
  class space    used 8078K, capacity 8568K, committed 8576K, reserved 1048576K
}
Event: 20.284 GC heap before
{Heap before GC invocations=16 (full 3):
 PSYoungGen      total 253440K, used 253090K [0x00000007a0000000, 0x00000007b3b80000, 0x00000007c0000000)
  eden space 236032K, 99% used [0x00000007a0000000,0x00000007ae630688,0x00000007ae680000)
  from space 17408K, 99% used [0x00000007b0700000,0x00000007b17f8280,0x00000007b1800000)
  to   space 33280K, 0% used [0x00000007ae680000,0x00000007ae680000,0x00000007b0700000)
 ParOldGen       total 142848K, used 73159K [0x0000000760000000, 0x0000000768b80000, 0x00000007a0000000)
  object space 142848K, 51% used [0x0000000760000000,0x0000000764771e78,0x0000000768b80000)
 Metaspace       used 62584K, capacity 64898K, committed 65024K, reserved 1105920K
  class space    used 8338K, capacity 8867K, committed 8960K, reserved 1048576K
Event: 20.307 GC heap after
Heap after GC invocations=16 (full 3):
 PSYoungGen      total 269312K, used 21571K [0x00000007a0000000, 0x00000007b6b80000, 0x00000007c0000000)
  eden space 236032K, 0% used [0x00000007a0000000,0x00000007a0000000,0x00000007ae680000)
  from space 33280K, 64% used [0x00000007ae680000,0x00000007afb90f40,0x00000007b0700000)
  to   space 34304K, 0% used [0x00000007b4a00000,0x00000007b4a00000,0x00000007b6b80000)
 ParOldGen       total 142848K, used 98917K [0x0000000760000000, 0x0000000768b80000, 0x00000007a0000000)
  object space 142848K, 69% used [0x0000000760000000,0x00000007660996f0,0x0000000768b80000)
 Metaspace       used 62584K, capacity 64898K, committed 65024K, reserved 1105920K
  class space    used 8338K, capacity 8867K, committed 8960K, reserved 1048576K
}
Event: 20.334 GC heap before
{Heap before GC invocations=17 (full 3):
 PSYoungGen      total 269312K, used 257389K [0x00000007a0000000, 0x00000007b6b80000, 0x00000007c0000000)
  eden space 236032K, 99% used [0x00000007a0000000,0x00000007ae64a500,0x00000007ae680000)
  from space 33280K, 64% used [0x00000007ae680000,0x00000007afb90f40,0x00000007b0700000)
  to   space 34304K, 0% used [0x00000007b4a00000,0x00000007b4a00000,0x00000007b6b80000)
 ParOldGen       total 142848K, used 98917K [0x0000000760000000, 0x0000000768b80000, 0x00000007a0000000)
  object space 142848K, 69% used [0x0000000760000000,0x00000007660996f0,0x0000000768b80000)
 Metaspace       used 62593K, capacity 64898K, committed 65024K, reserved 1105920K
  class space    used 8338K, capacity 8867K, committed 8960K, reserved 1048576K
Event: 20.344 GC heap after
Heap after GC invocations=17 (full 3):
 PSYoungGen      total 339456K, used 13190K [0x00000007a0000000, 0x00000007b9780000, 0x00000007c0000000)
  eden space 305152K, 0% used [0x00000007a0000000,0x00000007a0000000,0x00000007b2a00000)
  from space 34304K, 38% used [0x00000007b4a00000,0x00000007b56e1a58,0x00000007b6b80000)
  to   space 32768K, 0% used [0x00000007b2a00000,0x00000007b2a00000,0x00000007b4a00000)
 ParOldGen       total 142848K, used 98925K [0x0000000760000000, 0x0000000768b80000, 0x00000007a0000000)
  object space 142848K, 69% used [0x0000000760000000,0x000000076609b6f0,0x0000000768b80000)
 Metaspace       used 62593K, capacity 64898K, committed 65024K, reserved 1105920K
  class space    used 8338K, capacity 8867K, committed 8960K, reserved 1048576K
}
Event: 2009.767 GC heap before
{Heap before GC invocations=18 (full 3):
 PSYoungGen      total 339456K, used 318342K [0x00000007a0000000, 0x00000007b9780000, 0x00000007c0000000)
  eden space 305152K, 100% used [0x00000007a0000000,0x00000007b2a00000,0x00000007b2a00000)
  from space 34304K, 38% used [0x00000007b4a00000,0x00000007b56e1a58,0x00000007b6b80000)
  to   space 32768K, 0% used [0x00000007b2a00000,0x00000007b2a00000,0x00000007b4a00000)
 ParOldGen       total 142848K, used 98925K [0x0000000760000000, 0x0000000768b80000, 0x00000007a0000000)
  object space 142848K, 69% used [0x0000000760000000,0x000000076609b6f0,0x0000000768b80000)
 Metaspace       used 68361K, capacity 71176K, committed 71296K, reserved 1112064K
  class space    used 8904K, capacity 9558K, committed 9600K, reserved 1048576K
Event: 2009.791 GC heap after
Heap after GC invocations=18 (full 3):
 PSYoungGen      total 337920K, used 16169K [0x00000007a0000000, 0x00000007bf080000, 0x00000007c0000000)
  eden space 305152K, 0% used [0x00000007a0000000,0x00000007a0000000,0x00000007b2a00000)
  from space 32768K, 49% used [0x00000007b2a00000,0x00000007b39ca650,0x00000007b4a00000)
  to   space 31232K, 0% used [0x00000007bd200000,0x00000007bd200000,0x00000007bf080000)
 ParOldGen       total 142848K, used 101981K [0x0000000760000000, 0x0000000768b80000, 0x00000007a0000000)
  object space 142848K, 71% used [0x0000000760000000,0x0000000766397790,0x0000000768b80000)
 Metaspace       used 68361K, capacity 71176K, committed 71296K, reserved 1112064K
  class space    used 8904K, capacity 9558K, committed 9600K, reserved 1048576K
}

